2023-05-17 12:18:09,784 INFO o.a.j.u.JMeterUtils: Setting Locale to en_EN
2023-05-17 12:18:09,800 INFO o.a.j.JMeter: Loading user properties from: user.properties
2023-05-17 12:18:09,800 INFO o.a.j.JMeter: Loading system properties from: system.properties
2023-05-17 12:18:09,809 INFO o.a.j.JMeter: Copyright (c) 1998-2021 The Apache Software Foundation
2023-05-17 12:18:09,809 INFO o.a.j.JMeter: Version 5.4.1
2023-05-17 12:18:09,809 INFO o.a.j.JMeter: java.version=1.8.0_73
2023-05-17 12:18:09,809 INFO o.a.j.JMeter: java.vm.name=Java HotSpot(TM) 64-Bit Server VM
2023-05-17 12:18:09,809 INFO o.a.j.JMeter: os.name=Windows 10
2023-05-17 12:18:09,809 INFO o.a.j.JMeter: os.arch=amd64
2023-05-17 12:18:09,809 INFO o.a.j.JMeter: os.version=10.0
2023-05-17 12:18:09,809 INFO o.a.j.JMeter: file.encoding=Cp1252
2023-05-17 12:18:09,809 INFO o.a.j.JMeter: java.awt.headless=null
2023-05-17 12:18:09,809 INFO o.a.j.JMeter: Max memory     =1073741824
2023-05-17 12:18:09,809 INFO o.a.j.JMeter: Available Processors =4
2023-05-17 12:18:09,813 INFO o.a.j.JMeter: Default Locale=English (EN)
2023-05-17 12:18:09,814 INFO o.a.j.JMeter: JMeter  Locale=English (EN)
2023-05-17 12:18:09,814 INFO o.a.j.JMeter: JMeterHome=E:\apache-jmeter-5.4.1
2023-05-17 12:18:09,814 INFO o.a.j.JMeter: user.dir  =E:\apache-jmeter-5.4.1\bin
2023-05-17 12:18:09,814 INFO o.a.j.JMeter: PWD       =E:\apache-jmeter-5.4.1\bin
2023-05-17 12:18:09,816 INFO o.a.j.JMeter: IP: 10.10.0.125 Name: DESKTOP-2OSSUB2 FullName: DESKTOP-2OSSUB2
2023-05-17 12:18:09,882 INFO o.a.j.JMeter: Setting LAF to: laf:javax.swing.plaf.metal.MetalLookAndFeel
2023-05-17 12:18:09,946 INFO o.a.j.JMeter: Loaded icon properties from org/apache/jmeter/images/icon.properties
2023-05-17 12:18:20,153 INFO o.a.j.s.FileServer: Default base='E:\apache-jmeter-5.4.1\bin'
2023-05-17 12:18:20,156 INFO o.a.j.g.a.Load: Loading file: E:\apache-jmeter-5.4.1\bin\Events New.jmx
2023-05-17 12:18:20,157 INFO o.a.j.s.FileServer: Set new base='E:\apache-jmeter-5.4.1\bin'
2023-05-17 12:18:20,347 INFO o.a.j.s.SaveService: Testplan (JMX) version: 2.2. Testlog (JTL) version: 2.2
2023-05-17 12:18:20,362 INFO o.a.j.s.SaveService: Using SaveService properties file encoding UTF-8
2023-05-17 12:18:20,363 INFO o.a.j.s.SaveService: Using SaveService properties version 5.0
2023-05-17 12:18:20,365 INFO o.a.j.s.SaveService: Loading file: E:\apache-jmeter-5.4.1\bin\Events New.jmx
2023-05-17 12:18:20,393 INFO o.a.j.p.h.s.HTTPSamplerBase: Parser for text/html is org.apache.jmeter.protocol.http.parser.LagartoBasedHtmlParser
2023-05-17 12:18:20,393 INFO o.a.j.p.h.s.HTTPSamplerBase: Parser for application/xhtml+xml is org.apache.jmeter.protocol.http.parser.LagartoBasedHtmlParser
2023-05-17 12:18:20,393 INFO o.a.j.p.h.s.HTTPSamplerBase: Parser for application/xml is org.apache.jmeter.protocol.http.parser.LagartoBasedHtmlParser
2023-05-17 12:18:20,393 INFO o.a.j.p.h.s.HTTPSamplerBase: Parser for text/xml is org.apache.jmeter.protocol.http.parser.LagartoBasedHtmlParser
2023-05-17 12:18:20,393 INFO o.a.j.p.h.s.HTTPSamplerBase: Parser for text/vnd.wap.wml is org.apache.jmeter.protocol.http.parser.RegexpHTMLParser
2023-05-17 12:18:20,393 INFO o.a.j.p.h.s.HTTPSamplerBase: Parser for text/css is org.apache.jmeter.protocol.http.parser.CssParser
2023-05-17 12:18:20,482 INFO o.a.j.s.SampleResult: Note: Sample TimeStamps are START times
2023-05-17 12:18:20,482 INFO o.a.j.s.SampleResult: sampleresult.default.encoding is set to ISO-8859-1
2023-05-17 12:18:20,482 INFO o.a.j.s.SampleResult: sampleresult.useNanoTime=true
2023-05-17 12:18:20,482 INFO o.a.j.s.SampleResult: sampleresult.nanoThreadSleep=5000
2023-05-17 12:18:20,711 INFO o.a.j.s.FileServer: Set new base='E:\apache-jmeter-5.4.1\bin'
2023-05-17 12:18:42,504 INFO o.a.j.g.a.Load: Loading file: E:\apache-jmeter-5.4.1\crmlogin.jmx
2023-05-17 12:18:42,505 INFO o.a.j.s.FileServer: Set new base='E:\apache-jmeter-5.4.1'
2023-05-17 12:18:42,505 INFO o.a.j.s.SaveService: Loading file: E:\apache-jmeter-5.4.1\crmlogin.jmx
2023-05-17 12:18:42,563 INFO o.a.j.p.h.c.CookieManager: Settings: Delete null: true Check: true Allow variable: true Save: false Prefix: COOKIE_
2023-05-17 12:18:42,566 INFO o.a.j.p.h.c.CacheManager: Will only cache the following methods: [GET]
2023-05-17 12:18:43,250 INFO o.a.j.e.KeyToolUtils: keytool found at 'keytool'
2023-05-17 12:18:43,250 INFO o.a.j.p.h.p.ProxyControl: HTTP(S) Test Script Recorder SSL Proxy will use keys that support embedded 3rd party resources in file E:\apache-jmeter-5.4.1\bin\proxyserver.jks
2023-05-17 12:18:43,473 INFO o.a.j.s.FileServer: Set new base='E:\apache-jmeter-5.4.1'
