2021-04-20 12:37:44,044 INFO o.a.j.u.JMeterUtils: Setting Locale to en_EN
2021-04-20 12:37:44,067 INFO o.a.j.JMeter: Loading user properties from: user.properties
2021-04-20 12:37:44,068 INFO o.a.j.JMeter: Loading system properties from: system.properties
2021-04-20 12:37:44,082 INFO o.a.j.JMeter: Copyright (c) 1998-2021 The Apache Software Foundation
2021-04-20 12:37:44,083 INFO o.a.j.JMeter: Version 5.4.1
2021-04-20 12:37:44,083 INFO o.a.j.JMeter: java.version=1.8.0_73
2021-04-20 12:37:44,083 INFO o.a.j.JMeter: java.vm.name=Java HotSpot(TM) 64-Bit Server VM
2021-04-20 12:37:44,083 INFO o.a.j.JMeter: os.name=Windows 10
2021-04-20 12:37:44,083 INFO o.a.j.JMeter: os.arch=amd64
2021-04-20 12:37:44,083 INFO o.a.j.JMeter: os.version=10.0
2021-04-20 12:37:44,083 INFO o.a.j.JMeter: file.encoding=Cp1252
2021-04-20 12:37:44,083 INFO o.a.j.JMeter: java.awt.headless=true
2021-04-20 12:37:44,083 INFO o.a.j.JMeter: Max memory     =1073741824
2021-04-20 12:37:44,083 INFO o.a.j.JMeter: Available Processors =4
2021-04-20 12:37:44,089 INFO o.a.j.JMeter: Default Locale=English (EN)
2021-04-20 12:37:44,089 INFO o.a.j.JMeter: JMeter  Locale=English (EN)
2021-04-20 12:37:44,089 INFO o.a.j.JMeter: JMeterHome=D:\chitresh\apache-jmeter-5.4.1
2021-04-20 12:37:44,089 INFO o.a.j.JMeter: user.dir  =D:\chitresh\apache-jmeter-5.4.1\bin
2021-04-20 12:37:44,090 INFO o.a.j.JMeter: PWD       =D:\chitresh\apache-jmeter-5.4.1\bin
2021-04-20 12:37:44,091 INFO o.a.j.JMeter: IP: 10.10.0.225 Name: DESKTOP-2OSSUB2 FullName: DESKTOP-2OSSUB2
2021-04-20 12:37:44,108 INFO o.a.j.r.RmiUtils: System property 'java.rmi.server.hostname' is not defined, using localHost address
2021-04-20 12:37:44,108 INFO o.a.j.r.RmiUtils: Local IP address=10.10.0.225
2021-04-20 12:37:44,333 ERROR o.a.j.JMeter: Giving up, as server failed with:
java.rmi.server.ExportException: Listen failed on port: 0; nested exception is: 
	java.io.FileNotFoundException: rmi_keystore.jks (The system cannot find the file specified)
	at sun.rmi.transport.tcp.TCPTransport.listen(Unknown Source) ~[?:1.8.0_73]
	at sun.rmi.transport.tcp.TCPTransport.exportObject(Unknown Source) ~[?:1.8.0_73]
	at sun.rmi.transport.tcp.TCPEndpoint.exportObject(Unknown Source) ~[?:1.8.0_73]
	at sun.rmi.transport.LiveRef.exportObject(Unknown Source) ~[?:1.8.0_73]
	at sun.rmi.server.UnicastServerRef.exportObject(Unknown Source) ~[?:1.8.0_73]
	at java.rmi.server.UnicastRemoteObject.exportObject(Unknown Source) ~[?:1.8.0_73]
	at java.rmi.server.UnicastRemoteObject.exportObject(Unknown Source) ~[?:1.8.0_73]
	at java.rmi.server.UnicastRemoteObject.<init>(Unknown Source) ~[?:1.8.0_73]
	at org.apache.jmeter.engine.RemoteJMeterEngineImpl.<init>(RemoteJMeterEngineImpl.java:68) ~[ApacheJMeter_core.jar:5.4.1]
	at org.apache.jmeter.engine.RemoteJMeterEngineImpl.startServer(RemoteJMeterEngineImpl.java:74) ~[ApacheJMeter_core.jar:5.4.1]
	at org.apache.jmeter.JMeter.start(JMeter.java:537) [ApacheJMeter_core.jar:5.4.1]
	at sun.reflect.NativeMethodAccessorImpl.invoke0(Native Method) ~[?:1.8.0_73]
	at sun.reflect.NativeMethodAccessorImpl.invoke(Unknown Source) ~[?:1.8.0_73]
	at sun.reflect.DelegatingMethodAccessorImpl.invoke(Unknown Source) ~[?:1.8.0_73]
	at java.lang.reflect.Method.invoke(Unknown Source) ~[?:1.8.0_73]
	at org.apache.jmeter.NewDriver.main(NewDriver.java:254) [ApacheJMeter.jar:5.4.1]
Caused by: java.io.FileNotFoundException: rmi_keystore.jks (The system cannot find the file specified)
	at java.io.FileInputStream.open0(Native Method) ~[?:1.8.0_73]
	at java.io.FileInputStream.open(Unknown Source) ~[?:1.8.0_73]
	at java.io.FileInputStream.<init>(Unknown Source) ~[?:1.8.0_73]
	at java.io.FileInputStream.<init>(Unknown Source) ~[?:1.8.0_73]
	at org.apache.jmeter.rmi.SSLRMIServerSocketFactory.loadStore(SSLRMIServerSocketFactory.java:147) ~[ApacheJMeter_core.jar:5.4.1]
	at org.apache.jmeter.rmi.SSLRMIServerSocketFactory.createServerSocket(SSLRMIServerSocketFactory.java:99) ~[ApacheJMeter_core.jar:5.4.1]
	at sun.rmi.transport.tcp.TCPEndpoint.newServerSocket(Unknown Source) ~[?:1.8.0_73]
	... 16 more
2021-04-20 12:37:44,340 ERROR o.a.j.JMeter: An error occurred: 
java.rmi.server.ExportException: Listen failed on port: 0; nested exception is: 
	java.io.FileNotFoundException: rmi_keystore.jks (The system cannot find the file specified)
	at sun.rmi.transport.tcp.TCPTransport.listen(Unknown Source) ~[?:1.8.0_73]
	at sun.rmi.transport.tcp.TCPTransport.exportObject(Unknown Source) ~[?:1.8.0_73]
	at sun.rmi.transport.tcp.TCPEndpoint.exportObject(Unknown Source) ~[?:1.8.0_73]
	at sun.rmi.transport.LiveRef.exportObject(Unknown Source) ~[?:1.8.0_73]
	at sun.rmi.server.UnicastServerRef.exportObject(Unknown Source) ~[?:1.8.0_73]
	at java.rmi.server.UnicastRemoteObject.exportObject(Unknown Source) ~[?:1.8.0_73]
	at java.rmi.server.UnicastRemoteObject.exportObject(Unknown Source) ~[?:1.8.0_73]
	at java.rmi.server.UnicastRemoteObject.<init>(Unknown Source) ~[?:1.8.0_73]
	at org.apache.jmeter.engine.RemoteJMeterEngineImpl.<init>(RemoteJMeterEngineImpl.java:68) ~[ApacheJMeter_core.jar:5.4.1]
	at org.apache.jmeter.engine.RemoteJMeterEngineImpl.startServer(RemoteJMeterEngineImpl.java:74) ~[ApacheJMeter_core.jar:5.4.1]
	at org.apache.jmeter.JMeter.start(JMeter.java:537) [ApacheJMeter_core.jar:5.4.1]
	at sun.reflect.NativeMethodAccessorImpl.invoke0(Native Method) ~[?:1.8.0_73]
	at sun.reflect.NativeMethodAccessorImpl.invoke(Unknown Source) ~[?:1.8.0_73]
	at sun.reflect.DelegatingMethodAccessorImpl.invoke(Unknown Source) ~[?:1.8.0_73]
	at java.lang.reflect.Method.invoke(Unknown Source) ~[?:1.8.0_73]
	at org.apache.jmeter.NewDriver.main(NewDriver.java:254) [ApacheJMeter.jar:5.4.1]
Caused by: java.io.FileNotFoundException: rmi_keystore.jks (The system cannot find the file specified)
	at java.io.FileInputStream.open0(Native Method) ~[?:1.8.0_73]
	at java.io.FileInputStream.open(Unknown Source) ~[?:1.8.0_73]
	at java.io.FileInputStream.<init>(Unknown Source) ~[?:1.8.0_73]
	at java.io.FileInputStream.<init>(Unknown Source) ~[?:1.8.0_73]
	at org.apache.jmeter.rmi.SSLRMIServerSocketFactory.loadStore(SSLRMIServerSocketFactory.java:147) ~[ApacheJMeter_core.jar:5.4.1]
	at org.apache.jmeter.rmi.SSLRMIServerSocketFactory.createServerSocket(SSLRMIServerSocketFactory.java:99) ~[ApacheJMeter_core.jar:5.4.1]
	at sun.rmi.transport.tcp.TCPEndpoint.newServerSocket(Unknown Source) ~[?:1.8.0_73]
	... 16 more
